ISim log file
Running: C:\Users\Administrator\Desktop\P6\PipelineCPU\mips_tb_isim_beh.exe -intstyle ise -gui -tclbatch isim.cmd -wdb C:/Users/Administrator/Desktop/P6/PipelineCPU/mips_tb_isim_beh.wdb 
ISim P.20131013 (signature 0x7708f090)
----------------------------------------------------------------------
WARNING:Security:42 - Your software subscription period has lapsed. Your current version of Xilinx tools will continue to function, but you no longer qualify for Xilinx software updates or new releases.


----------------------------------------------------------------------
This is a Full version of ISim.
Time resolution is 1 ps
# onerror resume
# wave add /
# run 1000 ns
Simulator is doing circuit initialization process.
Finished circuit initialization process.
                 145@00003000: $ 1 <= 12340000
                 155@00003004: $ 1 <= 12345678
                 165@00003008: $16 <= 12345678
                 175@0000300c: $ 4 <= 0000000b
                 185@00003010: $17 <= a2b3c000
                 195@00003014: $17 <= 0002468a
                 205@00003018: $17 <= 0002468a
                 215@0000301c: $17 <= a2b3c000
                 225@00003020: $17 <= 0002468a
                 235@00003024: $17 <= 0002468a
                 245@00003028: $ 1 <= 87650000
                 255@0000302c: $ 1 <= 87654321
                 265@00003030: $16 <= 87654321
                 275@00003034: $ 4 <= 0000000b
                 285@00003038: $17 <= 2a190800
                 295@0000303c: $17 <= 0010eca8
                 305@00003040: $17 <= fff0eca8
                 315@00003044: $17 <= 2a190800
                 325@00003048: $17 <= 0010eca8
                 335@0000304c: $17 <= fff0eca8
                 345@00003050: $ 1 <= ffff0000
                 355@00003054: $ 1 <= ffffffff
                 365@00003058: $16 <= ffffffff
                 375@0000305c: $17 <= 00000000
                 385@00003060: $18 <= 00000001
                 395@00003064: $ 4 <= 00000001
                 405@00003068: $ 4 <= 00000001
                 415@0000306c: $ 4 <= 00000001
                 425@00003070: $ 4 <= 00000000
                 435@00003074: $ 4 <= 00000000
                 445@00003078: $ 4 <= 00000000
                 455@0000307c: $ 4 <= 00000000
                 465@00003080: $ 4 <= 00000001
                 475@00003084: $ 4 <= 00000000
                 485@00003088: $ 4 <= 00000001
                 495@0000308c: $ 4 <= 00000000
                 505@00003090: $ 4 <= 00000001
                 515@00003094: $ 1 <= ffff0000
                 525@00003098: $ 1 <= ffffffff
                 535@0000309c: $16 <= ffffffff
                 545@000030a0: $17 <= 00000000
                 555@000030a4: $18 <= 00000001
                 565@000030a8: $ 4 <= 00000000
                 575@000030ac: $ 4 <= 00000000
                 585@000030b0: $ 4 <= 00000001
                 595@000030b4: $ 4 <= 00000001
                 605@000030b8: $ 4 <= 00000000
                 615@000030bc: $ 4 <= 00000000
                 625@000030c0: $ 4 <= 00000001
                 635@000030c4: $ 4 <= 00000001
                 645@000030c8: $ 4 <= 00000000
                 655@000030cc: $ 4 <= 00000000
                 665@000030d0: $ 4 <= 00000000
                 675@000030d4: $ 4 <= 00000001
                 685@000030d8: $ 4 <= 00000000
                 695@000030dc: $ 4 <= 00000000
                 705@000030e0: $ 4 <= 00000000
                 715@000030e4: $ 4 <= 00000000
                 725@000030e8: $ 4 <= 00000001
                 735@000030ec: $ 4 <= 00000000
                 745@000030f0: $ 4 <= 00000001
                 755@000030f4: $ 4 <= 00000001
                 765@000030f8: $ 4 <= 00000001
                 775@000030fc: $ 4 <= 00000000
                 785@00003100: $ 4 <= 00000000
                 795@00003104: $ 4 <= 00000001
